Using pre-set license
Built from '2021.3/staging' branch; Version is '2021.3.6f1 (7da38d85baf6) revision 8233869'; Using compiler version '192829333'; Build Type 'Release'
OS: 'Windows 10  (10.0.19044) 64bit Professional' Language: 'es' Physical Memory: 8135 MB
BatchMode: 1, IsHumanControllingUs: 0, StartBugReporterOnCrash: 0, Is64bit: 1, IsPro: 1

COMMAND LINE ARGUMENTS:
C:\Program Files\Unity\Hub\Editor\2021.3.6f1\Editor\Unity.exe
-adb2
-batchMode
-noUpm
-name
AssetImportWorker0
-projectPath
D:/Segundo Año 3D/Nivel Infinite Runner Edgar
-logFile
Logs/AssetImportWorker0.log
-srvPort
51740
Successfully changed project path to: D:/Segundo Año 3D/Nivel Infinite Runner Edgar
D:/Segundo Año 3D/Nivel Infinite Runner Edgar
[UnityMemory] Configuration Parameters - Can be set up in boot.config
    "memorysetup-bucket-allocator-granularity=16"
    "memorysetup-bucket-allocator-bucket-count=8"
    "memorysetup-bucket-allocator-block-size=33554432"
    "memorysetup-bucket-allocator-block-count=8"
    "memorysetup-main-allocator-block-size=16777216"
    "memorysetup-thread-allocator-block-size=16777216"
    "memorysetup-gfx-main-allocator-block-size=16777216"
    "memorysetup-gfx-thread-allocator-block-size=16777216"
    "memorysetup-cache-allocator-block-size=4194304"
    "memorysetup-typetree-allocator-block-size=2097152"
    "memorysetup-profiler-bucket-allocator-granularity=16"
    "memorysetup-profiler-bucket-allocator-bucket-count=8"
    "memorysetup-profiler-bucket-allocator-block-size=33554432"
    "memorysetup-profiler-bucket-allocator-block-count=8"
    "memorysetup-profiler-allocator-block-size=16777216"
    "memorysetup-profiler-editor-allocator-block-size=1048576"
    "memorysetup-temp-allocator-size-main=16777216"
    "memorysetup-job-temp-allocator-block-size=2097152"
    "memorysetup-job-temp-allocator-block-size-background=1048576"
    "memorysetup-job-temp-allocator-reduction-small-platforms=262144"
    "memorysetup-temp-allocator-size-background-worker=32768"
    "memorysetup-temp-allocator-size-job-worker=262144"
    "memorysetup-temp-allocator-size-preload-manager=33554432"
    "memorysetup-temp-allocator-size-nav-mesh-worker=65536"
    "memorysetup-temp-allocator-size-audio-worker=65536"
    "memorysetup-temp-allocator-size-cloud-worker=32768"
    "memorysetup-temp-allocator-size-gi-baking-worker=262144"
    "memorysetup-temp-allocator-size-gfx=262144"
Refreshing native plugins compatible for Editor in 116.72 ms, found 3 plugins.
Preloading 0 native plugins for Editor in 0.00 ms.
Initialize engine version: 2021.3.6f1 (7da38d85baf6)
[Subsystems] Discovering subsystems at path C:/Program Files/Unity/Hub/Editor/2021.3.6f1/Editor/Data/Resources/UnitySubsystems
[Subsystems] Discovering subsystems at path D:/Segundo Año 3D/Nivel Infinite Runner Edgar/Assets
GfxDevice: creating device client; threaded=0; jobified=0
Direct3D:
    Version:  Direct3D 11.0 [level 11.1]
    Renderer: NVIDIA GeForce GTX 1650 (ID=0x1f82)
    Vendor:   NVIDIA
    VRAM:     3962 MB
    Driver:   31.0.15.1640
Initialize mono
Mono path[0] = 'C:/Program Files/Unity/Hub/Editor/2021.3.6f1/Editor/Data/Managed'
Mono path[1] = 'C:/Program Files/Unity/Hub/Editor/2021.3.6f1/Editor/Data/MonoBleedingEdge/lib/mono/unityjit-win32'
Mono config path = 'C:/Program Files/Unity/Hub/Editor/2021.3.6f1/Editor/Data/MonoBleedingEdge/etc'
Using monoOptions --debugger-agent=transport=dt_socket,embedding=1,server=y,suspend=n,address=127.0.0.1:56544
Begin MonoManager ReloadAssembly
Registering precompiled unity dll's ...
Register platform support module: C:/Program Files/Unity/Hub/Editor/2021.3.6f1/Editor/Data/PlaybackEngines/WindowsStandaloneSupport/UnityEditor.WindowsStandalone.Extensions.dll
Registered in 0.008481 seconds.
Native extension for WindowsStandalone target not found
Refreshing native plugins compatible for Editor in 102.77 ms, found 3 plugins.
Preloading 0 native plugins for Editor in 0.00 ms.
Mono: successfully reloaded assembly
- Completed reload, in  0.799 seconds
Domain Reload Profiling:
	ReloadAssembly (799ms)
		BeginReloadAssembly (91ms)
			ExecutionOrderSort (0ms)
			DisableScriptedObjects (0ms)
			BackupInstance (0ms)
			ReleaseScriptingObjects (0ms)
			CreateAndSetChildDomain (2ms)
		EndReloadAssembly (568ms)
			LoadAssemblies (87ms)
			RebuildTransferFunctionScriptingTraits (0ms)
			SetupTypeCache (133ms)
			ReleaseScriptCaches (0ms)
			RebuildScriptCaches (37ms)
			SetupLoadedEditorAssemblies (333ms)
				LogAssemblyErrors (0ms)
				InitializePlatformSupportModulesInManaged (9ms)
				SetLoadedEditorAssemblies (0ms)
				RefreshPlugins (103ms)
				BeforeProcessingInitializeOnLoad (1ms)
				ProcessInitializeOnLoadAttributes (168ms)
				ProcessInitializeOnLoadMethodAttributes (52ms)
				AfterProcessingInitializeOnLoad (0ms)
				EditorAssembliesLoaded (0ms)
			ExecutionOrderSort2 (0ms)
			AwakeInstancesAfterBackupRestoration (0ms)
Platform modules already initialized, skipping
Registering precompiled user dll's ...
Registered in 0.006716 seconds.
Begin MonoManager ReloadAssembly
Symbol file LoadedFromMemory doesn't match image D:\Segundo Año 3D\Nivel Infinite Runner Edgar\Library\PackageCache\com.unity.visualscripting@1.7.8\Editor\VisualScripting.Core\Dependencies\YamlDotNet\Unity.VisualScripting.YamlDotNet.dll
Symbol file LoadedFromMemory doesn't match image D:\Segundo Año 3D\Nivel Infinite Runner Edgar\Library\PackageCache\com.unity.visualscripting@1.7.8\Editor\VisualScripting.Core\Dependencies\DotNetZip\Unity.VisualScripting.IonicZip.dll
Native extension for WindowsStandalone target not found
Refreshing native plugins compatible for Editor in 0.64 ms, found 3 plugins.
Preloading 0 native plugins for Editor in 0.00 ms.
Mono: successfully reloaded assembly
- Completed reload, in  1.220 seconds
Domain Reload Profiling:
	ReloadAssembly (1221ms)
		BeginReloadAssembly (129ms)
			ExecutionOrderSort (0ms)
			DisableScriptedObjects (7ms)
			BackupInstance (0ms)
			ReleaseScriptingObjects (0ms)
			CreateAndSetChildDomain (22ms)
		EndReloadAssembly (958ms)
			LoadAssemblies (98ms)
			RebuildTransferFunctionScriptingTraits (0ms)
			SetupTypeCache (316ms)
			ReleaseScriptCaches (1ms)
			RebuildScriptCaches (58ms)
			SetupLoadedEditorAssemblies (445ms)
				LogAssemblyErrors (0ms)
				InitializePlatformSupportModulesInManaged (7ms)
				SetLoadedEditorAssemblies (1ms)
				RefreshPlugins (1ms)
				BeforeProcessingInitializeOnLoad (107ms)
				ProcessInitializeOnLoadAttributes (287ms)
				ProcessInitializeOnLoadMethodAttributes (32ms)
				AfterProcessingInitializeOnLoad (10ms)
				EditorAssembliesLoaded (0ms)
			ExecutionOrderSort2 (0ms)
			AwakeInstancesAfterBackupRestoration (7ms)
Platform modules already initialized, skipping
========================================================================
Worker process is ready to serve import requests
Launched and connected shader compiler UnityShaderCompiler.exe after 0.07 seconds
Refreshing native plugins compatible for Editor in 0.69 ms, found 3 plugins.
Preloading 0 native plugins for Editor in 0.00 ms.
Unloading 3370 Unused Serialized files (Serialized files now loaded: 0)
Unloading 27 unused Assets / (111.6 KB). Loaded Objects now: 3845.
Memory consumption went from 131.0 MB to 130.9 MB.
Total: 4.107600 ms (FindLiveObjects: 0.325600 ms CreateObjectMapping: 0.276400 ms MarkObjects: 3.378200 ms  DeleteObjects: 0.125900 ms)

AssetImportParameters requested are different than current active one (requested -> active):
  custom:video-decoder-ogg-theora: a1e56fd34408186e4bbccfd4996cb3dc -> 
  custom:container-muxer-webm: aa71ff27fc2769a1b78a27578f13a17b -> 
  custom:container-demuxer-webm: 4f35f7cbe854078d1ac9338744f61a02 -> 
  custom:video-encoder-webm-vp8: eb34c28f22e8b96e1ab97ce403110664 -> 
  custom:audio-encoder-webm-vorbis: bf7c407c2cedff20999df2af8eb42d56 -> 
  custom:framework-win-MediaFoundation: 216162199b28c13a410421893ffa2e32 -> 
  custom:container-demuxer-ogg: 62fdf1f143b41e24485cea50d1cbac27 -> 
  custom:video-decoder-webm-vp8: 9c59270c3fd7afecdb556c50c9e8de78 -> 
  custom:audio-decoder-ogg-vorbis: bf7c407c2cedff20999df2af8eb42d56 -> 
========================================================================
Received Import Request.
  Time since last request: 12356.525488 seconds.
  path: Assets/Objetos y texturas del mapa/MaximeBrunoni/BridgesPack/Prefabs/SmallBoat.prefab
  artifactKey: Guid(a8abf0e5202774e48a51491da557a333) Importer(815301076,1909f56bfc062723c751e8b465ee728b)
Start importing Assets/Objetos y texturas del mapa/MaximeBrunoni/BridgesPack/Prefabs/SmallBoat.prefab using Guid(a8abf0e5202774e48a51491da557a333) Importer(815301076,1909f56bfc062723c751e8b465ee728b)  -> (artifact id: 'eacd7ee63aa1df40b3d769798ff835e4') in 0.598549 seconds 
========================================================================
Received Import Request.
  Time since last request: 0.000034 seconds.
  path: Assets/Objetos y texturas del mapa/MaximeBrunoni/BridgesPack/Prefabs/SmallBoats.prefab
  artifactKey: Guid(e0df267cc1aa8f44d9cdd98e662e0721) Importer(815301076,1909f56bfc062723c751e8b465ee728b)
Start importing Assets/Objetos y texturas del mapa/MaximeBrunoni/BridgesPack/Prefabs/SmallBoats.prefab using Guid(e0df267cc1aa8f44d9cdd98e662e0721) Importer(815301076,1909f56bfc062723c751e8b465ee728b)  -> (artifact id: '87b20d78553244bd774cf37dca3704a8') in 0.092772 seconds 
========================================================================
Received Import Request.
  Time since last request: 84.067856 seconds.
  path: Assets/Objetos y texturas del mapa/MaximeBrunoni/BridgesPack/Art/Meshes/BridgeRock 1.mat
  artifactKey: Guid(1797abb8956c8b743b1004ea35291e08) Importer(815301076,1909f56bfc062723c751e8b465ee728b)
Start importing Assets/Objetos y texturas del mapa/MaximeBrunoni/BridgesPack/Art/Meshes/BridgeRock 1.mat using Guid(1797abb8956c8b743b1004ea35291e08) Importer(815301076,1909f56bfc062723c751e8b465ee728b)  -> (artifact id: '84455f895caf370d3a55099a4f75e655') in 0.123244 seconds 
========================================================================
Received Import Request.
  Time since last request: 35.255489 seconds.
  path: Assets/Objetos y texturas del mapa/MaximeBrunoni/BridgesPack/Art/Meshes/BridgeHang.mat
  artifactKey: Guid(1797abb8956c8b743b1004ea35291e08) Importer(815301076,1909f56bfc062723c751e8b465ee728b)
Start importing Assets/Objetos y texturas del mapa/MaximeBrunoni/BridgesPack/Art/Meshes/BridgeHang.mat using Guid(1797abb8956c8b743b1004ea35291e08) Importer(815301076,1909f56bfc062723c751e8b465ee728b)  -> (artifact id: '1f82086462132fc747b8c51c3190aaf3') in 0.073579 seconds 
========================================================================
Received Import Request.
  Time since last request: 17.898836 seconds.
  path: Assets/Objetos y texturas del mapa/MaximeBrunoni/BridgesPack/Art/Textures/BridgeHanging
  artifactKey: Guid(2f6421c12dd415041901b5a19fc4457f) Importer(815301076,1909f56bfc062723c751e8b465ee728b)
Start importing Assets/Objetos y texturas del mapa/MaximeBrunoni/BridgesPack/Art/Textures/BridgeHanging using Guid(2f6421c12dd415041901b5a19fc4457f) Importer(815301076,1909f56bfc062723c751e8b465ee728b)  -> (artifact id: '8a113d38bc58a3380e15469606284134') in 0.009088 seconds 
========================================================================
Received Import Request.
  Time since last request: 559.316903 seconds.
  path: Assets/Objetos y texturas del mapa/MaximeBrunoni/BridgesPack/Art/Meshes/BridgeHang.mat
  artifactKey: Guid(1797abb8956c8b743b1004ea35291e08) Importer(815301076,1909f56bfc062723c751e8b465ee728b)
Start importing Assets/Objetos y texturas del mapa/MaximeBrunoni/BridgesPack/Art/Meshes/BridgeHang.mat using Guid(1797abb8956c8b743b1004ea35291e08) Importer(815301076,1909f56bfc062723c751e8b465ee728b)  -> (artifact id: '2dcbe3ea4d130b20302523b55397bf4b') in 0.362718 seconds 
========================================================================
Received Import Request.
  Time since last request: 0.000046 seconds.
  path: Assets/Objetos y texturas del mapa/MaximeBrunoni/BridgesPack/Art/Meshes/BridgeRock 1.mat
  artifactKey: Guid(ccfc6119c027ab844b87d863effe8392) Importer(815301076,1909f56bfc062723c751e8b465ee728b)
Start importing Assets/Objetos y texturas del mapa/MaximeBrunoni/BridgesPack/Art/Meshes/BridgeRock 1.mat using Guid(ccfc6119c027ab844b87d863effe8392) Importer(815301076,1909f56bfc062723c751e8b465ee728b)  -> (artifact id: 'd0d2b1a8bb84282654e0c43619e47960') in 0.061958 seconds 
========================================================================
Received Import Request.
  Time since last request: 19.266824 seconds.
  path: Assets/Objetos y texturas del mapa/MaximeBrunoni/BridgesPack/Art/Meshes/BridgeBreak.mat
  artifactKey: Guid(ccfc6119c027ab844b87d863effe8392) Importer(815301076,1909f56bfc062723c751e8b465ee728b)
Start importing Assets/Objetos y texturas del mapa/MaximeBrunoni/BridgesPack/Art/Meshes/BridgeBreak.mat using Guid(ccfc6119c027ab844b87d863effe8392) Importer(815301076,1909f56bfc062723c751e8b465ee728b)  -> (artifact id: 'cd0d0ec8307a215ba207db02a2af5707') in 0.071885 seconds 
========================================================================
Received Import Request.
  Time since last request: 235.323851 seconds.
  path: Assets/Objetos y texturas del mapa/MaximeBrunoni/BridgesPack/Art/Meshes/BridgeBreak.mat
  artifactKey: Guid(ccfc6119c027ab844b87d863effe8392) Importer(815301076,1909f56bfc062723c751e8b465ee728b)
Start importing Assets/Objetos y texturas del mapa/MaximeBrunoni/BridgesPack/Art/Meshes/BridgeBreak.mat using Guid(ccfc6119c027ab844b87d863effe8392) Importer(815301076,1909f56bfc062723c751e8b465ee728b)  -> (artifact id: '15b824d004168d358a9fe8dbce295d5e') in 0.105435 seconds 
========================================================================
Received Import Request.
  Time since last request: 0.000034 seconds.
  path: Assets/Objetos y texturas del mapa/MaximeBrunoni/BridgesPack/Art/Meshes/SmallBoat 1.mat
  artifactKey: Guid(7de413ce9ad08d24380c1e01d0dffef5) Importer(815301076,1909f56bfc062723c751e8b465ee728b)
Start importing Assets/Objetos y texturas del mapa/MaximeBrunoni/BridgesPack/Art/Meshes/SmallBoat 1.mat using Guid(7de413ce9ad08d24380c1e01d0dffef5) Importer(815301076,1909f56bfc062723c751e8b465ee728b)  -> (artifact id: '0fd81a71e47d1055dba54b53c76c7615') in 0.052432 seconds 
========================================================================
Received Import Request.
  Time since last request: 3.783091 seconds.
  path: Assets/Objetos y texturas del mapa/MaximeBrunoni/BridgesPack/Art/Meshes/Well.mat
  artifactKey: Guid(7de413ce9ad08d24380c1e01d0dffef5) Importer(815301076,1909f56bfc062723c751e8b465ee728b)
Start importing Assets/Objetos y texturas del mapa/MaximeBrunoni/BridgesPack/Art/Meshes/Well.mat using Guid(7de413ce9ad08d24380c1e01d0dffef5) Importer(815301076,1909f56bfc062723c751e8b465ee728b)  -> (artifact id: '988408af23029ac7e5a46f77e157ab1b') in 0.051486 seconds 
========================================================================
Received Prepare
Registering precompiled user dll's ...
Registered in 0.006642 seconds.
Begin MonoManager ReloadAssembly
Symbol file LoadedFromMemory doesn't match image D:\Segundo Año 3D\Nivel Infinite Runner Edgar\Library\PackageCache\com.unity.visualscripting@1.7.8\Editor\VisualScripting.Core\Dependencies\YamlDotNet\Unity.VisualScripting.YamlDotNet.dll
Symbol file LoadedFromMemory doesn't match image D:\Segundo Año 3D\Nivel Infinite Runner Edgar\Library\PackageCache\com.unity.visualscripting@1.7.8\Editor\VisualScripting.Core\Dependencies\DotNetZip\Unity.VisualScripting.IonicZip.dll
Native extension for WindowsStandalone target not found
Refreshing native plugins compatible for Editor in 1.52 ms, found 3 plugins.
Preloading 0 native plugins for Editor in 0.00 ms.
Mono: successfully reloaded assembly
- Completed reload, in  1.526 seconds
Domain Reload Profiling:
	ReloadAssembly (1527ms)
		BeginReloadAssembly (272ms)
			ExecutionOrderSort (0ms)
			DisableScriptedObjects (11ms)
			BackupInstance (0ms)
			ReleaseScriptingObjects (0ms)
			CreateAndSetChildDomain (94ms)
		EndReloadAssembly (1110ms)
			LoadAssemblies (143ms)
			RebuildTransferFunctionScriptingTraits (0ms)
			SetupTypeCache (387ms)
			ReleaseScriptCaches (2ms)
			RebuildScriptCaches (60ms)
			SetupLoadedEditorAssemblies (489ms)
				LogAssemblyErrors (0ms)
				InitializePlatformSupportModulesInManaged (18ms)
				SetLoadedEditorAssemblies (1ms)
				RefreshPlugins (2ms)
				BeforeProcessingInitializeOnLoad (96ms)
				ProcessInitializeOnLoadAttributes (321ms)
				ProcessInitializeOnLoadMethodAttributes (39ms)
				AfterProcessingInitializeOnLoad (12ms)
				EditorAssembliesLoaded (1ms)
			ExecutionOrderSort2 (0ms)
			AwakeInstancesAfterBackupRestoration (9ms)
Platform modules already initialized, skipping
Refreshing native plugins compatible for Editor in 2.26 ms, found 3 plugins.
Preloading 0 native plugins for Editor in 0.00 ms.
Unloading 3365 Unused Serialized files (Serialized files now loaded: 0)
Unloading 20 unused Assets / (78.9 KB). Loaded Objects now: 3888.
Memory consumption went from 135.9 MB to 135.8 MB.
Total: 4.052500 ms (FindLiveObjects: 0.492500 ms CreateObjectMapping: 0.234200 ms MarkObjects: 3.204900 ms  DeleteObjects: 0.119800 ms)

AssetImportParameters requested are different than current active one (requested -> active):
  custom:video-decoder-ogg-theora: a1e56fd34408186e4bbccfd4996cb3dc -> 
  custom:container-muxer-webm: aa71ff27fc2769a1b78a27578f13a17b -> 
  custom:container-demuxer-webm: 4f35f7cbe854078d1ac9338744f61a02 -> 
  custom:video-encoder-webm-vp8: eb34c28f22e8b96e1ab97ce403110664 -> 
  custom:audio-encoder-webm-vorbis: bf7c407c2cedff20999df2af8eb42d56 -> 
  custom:framework-win-MediaFoundation: 216162199b28c13a410421893ffa2e32 -> 
  custom:container-demuxer-ogg: 62fdf1f143b41e24485cea50d1cbac27 -> 
  custom:video-decoder-webm-vp8: 9c59270c3fd7afecdb556c50c9e8de78 -> 
  custom:audio-decoder-ogg-vorbis: bf7c407c2cedff20999df2af8eb42d56 -> 
