Using pre-set license
Built from '2021.3/staging' branch; Version is '2021.3.6f1 (7da38d85baf6) revision 8233869'; Using compiler version '192829333'; Build Type 'Release'
OS: 'Windows 10  (10.0.19042) 64bit Professional' Language: 'es' Physical Memory: 16334 MB
BatchMode: 1, IsHumanControllingUs: 0, StartBugReporterOnCrash: 0, Is64bit: 1, IsPro: 1

COMMAND LINE ARGUMENTS:
C:\Program Files\Unity\Hub\Editor\2021.3.6f1\Editor\Unity.exe
-adb2
-batchMode
-noUpm
-name
AssetImportWorker0
-projectPath
F:/Segundo Año 3D/Nivel Infinite Runner Edgar/InfiniteRunnerEdgar
-logFile
Logs/AssetImportWorker0.log
-srvPort
63132
Successfully changed project path to: F:/Segundo Año 3D/Nivel Infinite Runner Edgar/InfiniteRunnerEdgar
F:/Segundo Año 3D/Nivel Infinite Runner Edgar/InfiniteRunnerEdgar
[UnityMemory] Configuration Parameters - Can be set up in boot.config
    "memorysetup-bucket-allocator-granularity=16"
    "memorysetup-bucket-allocator-bucket-count=8"
    "memorysetup-bucket-allocator-block-size=33554432"
    "memorysetup-bucket-allocator-block-count=8"
    "memorysetup-main-allocator-block-size=16777216"
    "memorysetup-thread-allocator-block-size=16777216"
    "memorysetup-gfx-main-allocator-block-size=16777216"
    "memorysetup-gfx-thread-allocator-block-size=16777216"
    "memorysetup-cache-allocator-block-size=4194304"
    "memorysetup-typetree-allocator-block-size=2097152"
    "memorysetup-profiler-bucket-allocator-granularity=16"
    "memorysetup-profiler-bucket-allocator-bucket-count=8"
    "memorysetup-profiler-bucket-allocator-block-size=33554432"
    "memorysetup-profiler-bucket-allocator-block-count=8"
    "memorysetup-profiler-allocator-block-size=16777216"
    "memorysetup-profiler-editor-allocator-block-size=1048576"
    "memorysetup-temp-allocator-size-main=16777216"
    "memorysetup-job-temp-allocator-block-size=2097152"
    "memorysetup-job-temp-allocator-block-size-background=1048576"
    "memorysetup-job-temp-allocator-reduction-small-platforms=262144"
    "memorysetup-temp-allocator-size-background-worker=32768"
    "memorysetup-temp-allocator-size-job-worker=262144"
    "memorysetup-temp-allocator-size-preload-manager=33554432"
    "memorysetup-temp-allocator-size-nav-mesh-worker=65536"
    "memorysetup-temp-allocator-size-audio-worker=65536"
    "memorysetup-temp-allocator-size-cloud-worker=32768"
    "memorysetup-temp-allocator-size-gi-baking-worker=262144"
    "memorysetup-temp-allocator-size-gfx=262144"
Refreshing native plugins compatible for Editor in 129.09 ms, found 3 plugins.
Preloading 0 native plugins for Editor in 0.00 ms.
Initialize engine version: 2021.3.6f1 (7da38d85baf6)
[Subsystems] Discovering subsystems at path C:/Program Files/Unity/Hub/Editor/2021.3.6f1/Editor/Data/Resources/UnitySubsystems
[Subsystems] Discovering subsystems at path F:/Segundo Año 3D/Nivel Infinite Runner Edgar/InfiniteRunnerEdgar/Assets
GfxDevice: creating device client; threaded=0; jobified=0
Direct3D:
    Version:  Direct3D 11.0 [level 11.1]
    Renderer: NVIDIA GeForce GTX 1070 (ID=0x1b81)
    Vendor:   NVIDIA
    VRAM:     8088 MB
    Driver:   31.0.15.1640
Initialize mono
Mono path[0] = 'C:/Program Files/Unity/Hub/Editor/2021.3.6f1/Editor/Data/Managed'
Mono path[1] = 'C:/Program Files/Unity/Hub/Editor/2021.3.6f1/Editor/Data/MonoBleedingEdge/lib/mono/unityjit-win32'
Mono config path = 'C:/Program Files/Unity/Hub/Editor/2021.3.6f1/Editor/Data/MonoBleedingEdge/etc'
Using monoOptions --debugger-agent=transport=dt_socket,embedding=1,server=y,suspend=n,address=127.0.0.1:56480
Begin MonoManager ReloadAssembly
Registering precompiled unity dll's ...
Register platform support module: C:/Program Files/Unity/Hub/Editor/2021.3.6f1/Editor/Data/PlaybackEngines/WindowsStandaloneSupport/UnityEditor.WindowsStandalone.Extensions.dll
Registered in 0.015718 seconds.
Native extension for WindowsStandalone target not found
Refreshing native plugins compatible for Editor in 140.78 ms, found 3 plugins.
Preloading 0 native plugins for Editor in 0.00 ms.
Mono: successfully reloaded assembly
- Completed reload, in  1.065 seconds
Domain Reload Profiling:
	ReloadAssembly (1066ms)
		BeginReloadAssembly (129ms)
			ExecutionOrderSort (0ms)
			DisableScriptedObjects (0ms)
			BackupInstance (0ms)
			ReleaseScriptingObjects (0ms)
			CreateAndSetChildDomain (1ms)
		EndReloadAssembly (748ms)
			LoadAssemblies (124ms)
			RebuildTransferFunctionScriptingTraits (0ms)
			SetupTypeCache (153ms)
			ReleaseScriptCaches (0ms)
			RebuildScriptCaches (39ms)
			SetupLoadedEditorAssemblies (472ms)
				LogAssemblyErrors (0ms)
				InitializePlatformSupportModulesInManaged (14ms)
				SetLoadedEditorAssemblies (0ms)
				RefreshPlugins (141ms)
				BeforeProcessingInitializeOnLoad (4ms)
				ProcessInitializeOnLoadAttributes (236ms)
				ProcessInitializeOnLoadMethodAttributes (77ms)
				AfterProcessingInitializeOnLoad (0ms)
				EditorAssembliesLoaded (0ms)
			ExecutionOrderSort2 (0ms)
			AwakeInstancesAfterBackupRestoration (0ms)
Platform modules already initialized, skipping
Registering precompiled user dll's ...
Registered in 0.010908 seconds.
Begin MonoManager ReloadAssembly
Symbol file LoadedFromMemory doesn't match image F:\Segundo Año 3D\Nivel Infinite Runner Edgar\InfiniteRunnerEdgar\Library\PackageCache\com.unity.visualscripting@1.7.8\Editor\VisualScripting.Core\Dependencies\YamlDotNet\Unity.VisualScripting.YamlDotNet.dll
Symbol file LoadedFromMemory doesn't match image F:\Segundo Año 3D\Nivel Infinite Runner Edgar\InfiniteRunnerEdgar\Library\PackageCache\com.unity.visualscripting@1.7.8\Editor\VisualScripting.Core\Dependencies\DotNetZip\Unity.VisualScripting.IonicZip.dll
Native extension for WindowsStandalone target not found
Refreshing native plugins compatible for Editor in 0.76 ms, found 3 plugins.
Preloading 0 native plugins for Editor in 0.00 ms.
Mono: successfully reloaded assembly
- Completed reload, in  1.640 seconds
Domain Reload Profiling:
	ReloadAssembly (1642ms)
		BeginReloadAssembly (176ms)
			ExecutionOrderSort (0ms)
			DisableScriptedObjects (10ms)
			BackupInstance (0ms)
			ReleaseScriptingObjects (0ms)
			CreateAndSetChildDomain (25ms)
		EndReloadAssembly (1279ms)
			LoadAssemblies (133ms)
			RebuildTransferFunctionScriptingTraits (0ms)
			SetupTypeCache (398ms)
			ReleaseScriptCaches (1ms)
			RebuildScriptCaches (79ms)
			SetupLoadedEditorAssemblies (614ms)
				LogAssemblyErrors (0ms)
				InitializePlatformSupportModulesInManaged (10ms)
				SetLoadedEditorAssemblies (1ms)
				RefreshPlugins (1ms)
				BeforeProcessingInitializeOnLoad (149ms)
				ProcessInitializeOnLoadAttributes (388ms)
				ProcessInitializeOnLoadMethodAttributes (44ms)
				AfterProcessingInitializeOnLoad (20ms)
				EditorAssembliesLoaded (0ms)
			ExecutionOrderSort2 (0ms)
			AwakeInstancesAfterBackupRestoration (16ms)
Platform modules already initialized, skipping
========================================================================
Worker process is ready to serve import requests
Launched and connected shader compiler UnityShaderCompiler.exe after 0.08 seconds
Refreshing native plugins compatible for Editor in 0.84 ms, found 3 plugins.
Preloading 0 native plugins for Editor in 0.00 ms.
Unloading 3370 Unused Serialized files (Serialized files now loaded: 0)
Unloading 26 unused Assets / (86.7 KB). Loaded Objects now: 3847.
Memory consumption went from 131.6 MB to 131.5 MB.
Total: 5.789300 ms (FindLiveObjects: 0.440300 ms CreateObjectMapping: 0.211800 ms MarkObjects: 4.980000 ms  DeleteObjects: 0.155600 ms)

AssetImportParameters requested are different than current active one (requested -> active):
  custom:video-decoder-ogg-theora: a1e56fd34408186e4bbccfd4996cb3dc -> 
  custom:container-muxer-webm: aa71ff27fc2769a1b78a27578f13a17b -> 
  custom:container-demuxer-webm: 4f35f7cbe854078d1ac9338744f61a02 -> 
  custom:video-encoder-webm-vp8: eb34c28f22e8b96e1ab97ce403110664 -> 
  custom:audio-encoder-webm-vorbis: bf7c407c2cedff20999df2af8eb42d56 -> 
  custom:framework-win-MediaFoundation: 216162199b28c13a410421893ffa2e32 -> 
  custom:container-demuxer-ogg: 62fdf1f143b41e24485cea50d1cbac27 -> 
  custom:video-decoder-webm-vp8: 9c59270c3fd7afecdb556c50c9e8de78 -> 
  custom:audio-decoder-ogg-vorbis: bf7c407c2cedff20999df2af8eb42d56 -> 
========================================================================
Received Import Request.
  Time since last request: 99224.311202 seconds.
  path: Assets/Objetos y texturas del mapa/Downtown Game Studio/Nature Pack - Low Polly Trees & Bushes/Textures
  artifactKey: Guid(060cde98ca82e8d4baa1ef4aad61cdb5) Importer(815301076,1909f56bfc062723c751e8b465ee728b)
Start importing Assets/Objetos y texturas del mapa/Downtown Game Studio/Nature Pack - Low Polly Trees & Bushes/Textures using Guid(060cde98ca82e8d4baa1ef4aad61cdb5) Importer(815301076,1909f56bfc062723c751e8b465ee728b)  -> (artifact id: '3f87148f8c82954b3c23585175e64418') in 0.017808 seconds 
========================================================================
Received Import Request.
  Time since last request: 0.000033 seconds.
  path: Assets/Objetos y texturas del mapa/Downtown Game Studio/Nature Pack - Low Polly Trees & Bushes/Models/Potted Plant 4.fbx
  artifactKey: Guid(32bc2c9ae46370946a34ec06ac1e3d27) Importer(815301076,1909f56bfc062723c751e8b465ee728b)
Start importing Assets/Objetos y texturas del mapa/Downtown Game Studio/Nature Pack - Low Polly Trees & Bushes/Models/Potted Plant 4.fbx using Guid(32bc2c9ae46370946a34ec06ac1e3d27) Importer(815301076,1909f56bfc062723c751e8b465ee728b)  -> (artifact id: '21f1b1ede7ddb1ce56f1c4d40d6b7862') in 0.289152 seconds 
========================================================================
Received Import Request.
  Time since last request: 0.000029 seconds.
  path: Assets/Objetos y texturas del mapa/Downtown Game Studio/Nature Pack - Low Polly Trees & Bushes/Models/Street Tree 2.fbx
  artifactKey: Guid(937039ee4c2afba40b7f60a1296979ef) Importer(815301076,1909f56bfc062723c751e8b465ee728b)
Start importing Assets/Objetos y texturas del mapa/Downtown Game Studio/Nature Pack - Low Polly Trees & Bushes/Models/Street Tree 2.fbx using Guid(937039ee4c2afba40b7f60a1296979ef) Importer(815301076,1909f56bfc062723c751e8b465ee728b)  -> (artifact id: '910e7669ff4c7120097110ff72a90d45') in 0.032632 seconds 
========================================================================
Received Import Request.
  Time since last request: 0.000034 seconds.
  path: Assets/Objetos y texturas del mapa/Downtown Game Studio/Nature Pack - Low Polly Trees & Bushes/Models/Street Tree 3.fbx
  artifactKey: Guid(9962c23c3397e974e8a177c63dd7a880) Importer(815301076,1909f56bfc062723c751e8b465ee728b)
Start importing Assets/Objetos y texturas del mapa/Downtown Game Studio/Nature Pack - Low Polly Trees & Bushes/Models/Street Tree 3.fbx using Guid(9962c23c3397e974e8a177c63dd7a880) Importer(815301076,1909f56bfc062723c751e8b465ee728b)  -> (artifact id: '8e48640c9ab65dceece54ea59b096700') in 0.031826 seconds 
========================================================================
Received Import Request.
  Time since last request: 0.000026 seconds.
  path: Assets/Objetos y texturas del mapa/Downtown Game Studio/Nature Pack - Low Polly Trees & Bushes/Models/Potted Plant 1.fbx
  artifactKey: Guid(032c7dfa36cfb6443ac38433512bfc1a) Importer(815301076,1909f56bfc062723c751e8b465ee728b)
Start importing Assets/Objetos y texturas del mapa/Downtown Game Studio/Nature Pack - Low Polly Trees & Bushes/Models/Potted Plant 1.fbx using Guid(032c7dfa36cfb6443ac38433512bfc1a) Importer(815301076,1909f56bfc062723c751e8b465ee728b)  -> (artifact id: '889691b409aabf30ca42aa0a3f83785a') in 0.030743 seconds 
========================================================================
Received Import Request.
  Time since last request: 0.000029 seconds.
  path: Assets/Objetos y texturas del mapa/Downtown Game Studio/Nature Pack - Low Polly Trees & Bushes/Models/tree 4.fbx
  artifactKey: Guid(470b640c540b8464597afebdc0417272) Importer(815301076,1909f56bfc062723c751e8b465ee728b)
Start importing Assets/Objetos y texturas del mapa/Downtown Game Studio/Nature Pack - Low Polly Trees & Bushes/Models/tree 4.fbx using Guid(470b640c540b8464597afebdc0417272) Importer(815301076,1909f56bfc062723c751e8b465ee728b)  -> (artifact id: 'a0956ad4e3392990e6ef8723a5ad2566') in 0.030745 seconds 
========================================================================
Received Import Request.
  Time since last request: 0.000035 seconds.
  path: Assets/Objetos y texturas del mapa/Downtown Game Studio/Nature Pack - Low Polly Trees & Bushes/Models/tree 6.fbx
  artifactKey: Guid(32ff25a9bb7e8194cb0cfa551ddfe988) Importer(815301076,1909f56bfc062723c751e8b465ee728b)
Start importing Assets/Objetos y texturas del mapa/Downtown Game Studio/Nature Pack - Low Polly Trees & Bushes/Models/tree 6.fbx using Guid(32ff25a9bb7e8194cb0cfa551ddfe988) Importer(815301076,1909f56bfc062723c751e8b465ee728b)  -> (artifact id: '1f2c0bcc28a31f542349af5f609f4450') in 0.029759 seconds 
========================================================================
Received Import Request.
  Time since last request: 0.000025 seconds.
  path: Assets/Objetos y texturas del mapa/Downtown Game Studio/Nature Pack - Low Polly Trees & Bushes/Models/tree 14.fbx
  artifactKey: Guid(b68611ee626df1946bbdc5220df5e906) Importer(815301076,1909f56bfc062723c751e8b465ee728b)
Start importing Assets/Objetos y texturas del mapa/Downtown Game Studio/Nature Pack - Low Polly Trees & Bushes/Models/tree 14.fbx using Guid(b68611ee626df1946bbdc5220df5e906) Importer(815301076,1909f56bfc062723c751e8b465ee728b)  -> (artifact id: '3c77dc6c108d49e49238de1553846a69') in 0.030995 seconds 
========================================================================
Received Import Request.
  Time since last request: 0.000024 seconds.
  path: Assets/Objetos y texturas del mapa/Downtown Game Studio/Nature Pack - Low Polly Trees & Bushes/Models/tree 9.fbx
  artifactKey: Guid(ed51741a845d2d64ab78c75da4ca0074) Importer(815301076,1909f56bfc062723c751e8b465ee728b)
Start importing Assets/Objetos y texturas del mapa/Downtown Game Studio/Nature Pack - Low Polly Trees & Bushes/Models/tree 9.fbx using Guid(ed51741a845d2d64ab78c75da4ca0074) Importer(815301076,1909f56bfc062723c751e8b465ee728b)  -> (artifact id: '0d87ef82bed6377f8196e3d19c1aca60') in 0.029079 seconds 
========================================================================
Received Import Request.
  Time since last request: 0.000022 seconds.
  path: Assets/Objetos y texturas del mapa/Downtown Game Studio/Nature Pack - Low Polly Trees & Bushes/Models/Tree Trunk 1.fbx
  artifactKey: Guid(97533931636edf546b150b213c13c802) Importer(815301076,1909f56bfc062723c751e8b465ee728b)
Start importing Assets/Objetos y texturas del mapa/Downtown Game Studio/Nature Pack - Low Polly Trees & Bushes/Models/Tree Trunk 1.fbx using Guid(97533931636edf546b150b213c13c802) Importer(815301076,1909f56bfc062723c751e8b465ee728b)  -> (artifact id: 'd8acb89c6abc62acd2f451ddf4cd21fe') in 0.028935 seconds 
========================================================================
Received Import Request.
  Time since last request: 0.000038 seconds.
  path: Assets/Objetos y texturas del mapa/Downtown Game Studio/Nature Pack - Low Polly Trees & Bushes/Models/Potted Plant 6.fbx
  artifactKey: Guid(08cf17a8204eccd4981de2725be44dee) Importer(815301076,1909f56bfc062723c751e8b465ee728b)
Start importing Assets/Objetos y texturas del mapa/Downtown Game Studio/Nature Pack - Low Polly Trees & Bushes/Models/Potted Plant 6.fbx using Guid(08cf17a8204eccd4981de2725be44dee) Importer(815301076,1909f56bfc062723c751e8b465ee728b)  -> (artifact id: '619e92836b3cfe4e5567f7cb25d5209f') in 0.034397 seconds 
========================================================================
Received Import Request.
  Time since last request: 0.000036 seconds.
  path: Assets/Objetos y texturas del mapa/Downtown Game Studio/Nature Pack - Low Polly Trees & Bushes/Models/Bush 1.fbx
  artifactKey: Guid(bacdb87a78a3ca847a674df0ff9c059b) Importer(815301076,1909f56bfc062723c751e8b465ee728b)
Start importing Assets/Objetos y texturas del mapa/Downtown Game Studio/Nature Pack - Low Polly Trees & Bushes/Models/Bush 1.fbx using Guid(bacdb87a78a3ca847a674df0ff9c059b) Importer(815301076,1909f56bfc062723c751e8b465ee728b)  -> (artifact id: '70542781853a713be1ef09a9f1c0274c') in 0.024511 seconds 
========================================================================
Received Import Request.
  Time since last request: 0.000026 seconds.
  path: Assets/Objetos y texturas del mapa/Downtown Game Studio/Nature Pack - Low Polly Trees & Bushes/Models/tree 1.fbx
  artifactKey: Guid(ff958687a533ccb4684a89286e9e6e8d) Importer(815301076,1909f56bfc062723c751e8b465ee728b)
Start importing Assets/Objetos y texturas del mapa/Downtown Game Studio/Nature Pack - Low Polly Trees & Bushes/Models/tree 1.fbx using Guid(ff958687a533ccb4684a89286e9e6e8d) Importer(815301076,1909f56bfc062723c751e8b465ee728b)  -> (artifact id: 'cf621bd601ede337fb8fd73101ae36e5') in 0.029133 seconds 
========================================================================
Received Import Request.
  Time since last request: 0.000024 seconds.
  path: Assets/Objetos y texturas del mapa/Downtown Game Studio/Nature Pack - Low Polly Trees & Bushes/Models/tree 2.fbx
  artifactKey: Guid(232e6aaee661287438043e59c3cedb54) Importer(815301076,1909f56bfc062723c751e8b465ee728b)
Start importing Assets/Objetos y texturas del mapa/Downtown Game Studio/Nature Pack - Low Polly Trees & Bushes/Models/tree 2.fbx using Guid(232e6aaee661287438043e59c3cedb54) Importer(815301076,1909f56bfc062723c751e8b465ee728b)  -> (artifact id: '3d10a4e44ed592847afb90c602aed289') in 0.030891 seconds 
========================================================================
Received Import Request.
  Time since last request: 0.000022 seconds.
  path: Assets/Objetos y texturas del mapa/Downtown Game Studio/Nature Pack - Low Polly Trees & Bushes/Models/tree 5.fbx
  artifactKey: Guid(98000ac43d9a69f43b3fcd80b2afc8e7) Importer(815301076,1909f56bfc062723c751e8b465ee728b)
Start importing Assets/Objetos y texturas del mapa/Downtown Game Studio/Nature Pack - Low Polly Trees & Bushes/Models/tree 5.fbx using Guid(98000ac43d9a69f43b3fcd80b2afc8e7) Importer(815301076,1909f56bfc062723c751e8b465ee728b)  -> (artifact id: '75b7fc16127eb2478badde61216cae59') in 0.028762 seconds 
========================================================================
Received Import Request.
  Time since last request: 0.000031 seconds.
  path: Assets/Objetos y texturas del mapa/Downtown Game Studio/Nature Pack - Low Polly Trees & Bushes/Models/Street Tree 5.fbx
  artifactKey: Guid(00ce6d6f824e50e44a4d245ae8a0b40a) Importer(815301076,1909f56bfc062723c751e8b465ee728b)
Start importing Assets/Objetos y texturas del mapa/Downtown Game Studio/Nature Pack - Low Polly Trees & Bushes/Models/Street Tree 5.fbx using Guid(00ce6d6f824e50e44a4d245ae8a0b40a) Importer(815301076,1909f56bfc062723c751e8b465ee728b)  -> (artifact id: '083e20da573147aa834b71e57d96d329') in 0.032259 seconds 
========================================================================
Received Import Request.
  Time since last request: 0.000027 seconds.
  path: Assets/Objetos y texturas del mapa/Downtown Game Studio/Nature Pack - Low Polly Trees & Bushes/Models/tree 12.fbx
  artifactKey: Guid(b90060e16bc664d428079e30c45ec712) Importer(815301076,1909f56bfc062723c751e8b465ee728b)
Start importing Assets/Objetos y texturas del mapa/Downtown Game Studio/Nature Pack - Low Polly Trees & Bushes/Models/tree 12.fbx using Guid(b90060e16bc664d428079e30c45ec712) Importer(815301076,1909f56bfc062723c751e8b465ee728b)  -> (artifact id: 'c1ebec928ff5ac9a56d2796afa5cd15a') in 0.031774 seconds 
========================================================================
Received Import Request.
  Time since last request: 0.000031 seconds.
  path: Assets/Objetos y texturas del mapa/Downtown Game Studio/Nature Pack - Low Polly Trees & Bushes/Models/tree 11.fbx
  artifactKey: Guid(b32d6a4eef47c524ea9778bb8b6109c4) Importer(815301076,1909f56bfc062723c751e8b465ee728b)
Start importing Assets/Objetos y texturas del mapa/Downtown Game Studio/Nature Pack - Low Polly Trees & Bushes/Models/tree 11.fbx using Guid(b32d6a4eef47c524ea9778bb8b6109c4) Importer(815301076,1909f56bfc062723c751e8b465ee728b)  -> (artifact id: '7dd33f9efc303ed1bd48f2ec830fc860') in 0.029327 seconds 
========================================================================
Received Import Request.
  Time since last request: 0.000025 seconds.
  path: Assets/Objetos y texturas del mapa/Downtown Game Studio/Nature Pack - Low Polly Trees & Bushes/Models/tree 7.fbx
  artifactKey: Guid(636e5d397017b52439bdcc726a921f3f) Importer(815301076,1909f56bfc062723c751e8b465ee728b)
Start importing Assets/Objetos y texturas del mapa/Downtown Game Studio/Nature Pack - Low Polly Trees & Bushes/Models/tree 7.fbx using Guid(636e5d397017b52439bdcc726a921f3f) Importer(815301076,1909f56bfc062723c751e8b465ee728b)  -> (artifact id: '3dc918d2127e1785c0daa76162b95035') in 0.030927 seconds 
========================================================================
Received Import Request.
  Time since last request: 0.000023 seconds.
  path: Assets/Objetos y texturas del mapa/Downtown Game Studio/Nature Pack - Low Polly Trees & Bushes/Models/tree 8.fbx
  artifactKey: Guid(82ea1707c0c9cf540b501f54133135ab) Importer(815301076,1909f56bfc062723c751e8b465ee728b)
Start importing Assets/Objetos y texturas del mapa/Downtown Game Studio/Nature Pack - Low Polly Trees & Bushes/Models/tree 8.fbx using Guid(82ea1707c0c9cf540b501f54133135ab) Importer(815301076,1909f56bfc062723c751e8b465ee728b)  -> (artifact id: '6d8b5c3f4d43a8c209586dcbdf14ade0') in 0.031062 seconds 
========================================================================
Received Import Request.
  Time since last request: 0.000028 seconds.
  path: Assets/Objetos y texturas del mapa/Downtown Game Studio/Nature Pack - Low Polly Trees & Bushes/Models/Log 2.fbx
  artifactKey: Guid(b24a735fa0b4d29438a0f63df2b8c483) Importer(815301076,1909f56bfc062723c751e8b465ee728b)
Start importing Assets/Objetos y texturas del mapa/Downtown Game Studio/Nature Pack - Low Polly Trees & Bushes/Models/Log 2.fbx using Guid(b24a735fa0b4d29438a0f63df2b8c483) Importer(815301076,1909f56bfc062723c751e8b465ee728b)  -> (artifact id: '0569c3b8e695a401cbcc51292f80bbaf') in 0.031209 seconds 
========================================================================
Received Import Request.
  Time since last request: 0.000034 seconds.
  path: Assets/Objetos y texturas del mapa/Downtown Game Studio/Nature Pack - Low Polly Trees & Bushes/Models
  artifactKey: Guid(931507ac8a6d37246aff8f318459ea43) Importer(815301076,1909f56bfc062723c751e8b465ee728b)
Start importing Assets/Objetos y texturas del mapa/Downtown Game Studio/Nature Pack - Low Polly Trees & Bushes/Models using Guid(931507ac8a6d37246aff8f318459ea43) Importer(815301076,1909f56bfc062723c751e8b465ee728b)  -> (artifact id: '4fcea83331510df7c152f1f0d52dc4e4') in 0.009358 seconds 
========================================================================
Received Import Request.
  Time since last request: 0.000042 seconds.
  path: Assets/Objetos y texturas del mapa/Downtown Game Studio/Nature Pack - Low Polly Trees & Bushes/Models/tree 16.fbx
  artifactKey: Guid(61eb08920c935cd4cbd5c8e8a4940f1f) Importer(815301076,1909f56bfc062723c751e8b465ee728b)
Start importing Assets/Objetos y texturas del mapa/Downtown Game Studio/Nature Pack - Low Polly Trees & Bushes/Models/tree 16.fbx using Guid(61eb08920c935cd4cbd5c8e8a4940f1f) Importer(815301076,1909f56bfc062723c751e8b465ee728b)  -> (artifact id: '4b503e27a4cb5f91d5279e8d5f41935e') in 0.030198 seconds 
========================================================================
Received Import Request.
  Time since last request: 0.000024 seconds.
  path: Assets/Objetos y texturas del mapa/Downtown Game Studio/Nature Pack - Low Polly Trees & Bushes/Models/Tree Trunk 2.fbx
  artifactKey: Guid(1795f1e77d87dde43aaec93c77413144) Importer(815301076,1909f56bfc062723c751e8b465ee728b)
Start importing Assets/Objetos y texturas del mapa/Downtown Game Studio/Nature Pack - Low Polly Trees & Bushes/Models/Tree Trunk 2.fbx using Guid(1795f1e77d87dde43aaec93c77413144) Importer(815301076,1909f56bfc062723c751e8b465ee728b)  -> (artifact id: 'cccd7692accd55e05ce7320b6ffe2375') in 0.030156 seconds 
========================================================================
Received Import Request.
  Time since last request: 0.000024 seconds.
  path: Assets/Objetos y texturas del mapa/Downtown Game Studio/Nature Pack - Low Polly Trees & Bushes/Models/tree 10.fbx
  artifactKey: Guid(0c4d1587c93977f438dc0f191fcd4cd3) Importer(815301076,1909f56bfc062723c751e8b465ee728b)
Start importing Assets/Objetos y texturas del mapa/Downtown Game Studio/Nature Pack - Low Polly Trees & Bushes/Models/tree 10.fbx using Guid(0c4d1587c93977f438dc0f191fcd4cd3) Importer(815301076,1909f56bfc062723c751e8b465ee728b)  -> (artifact id: 'dd9c64f9e8635f9b1d1da601d6c016ab') in 0.029770 seconds 
========================================================================
Received Import Request.
  Time since last request: 0.000027 seconds.
  path: Assets/Objetos y texturas del mapa/Downtown Game Studio/Nature Pack - Low Polly Trees & Bushes/Models/Street Tree 6.fbx
  artifactKey: Guid(7683cd98afb52fe459f7c45b266ca44a) Importer(815301076,1909f56bfc062723c751e8b465ee728b)
Start importing Assets/Objetos y texturas del mapa/Downtown Game Studio/Nature Pack - Low Polly Trees & Bushes/Models/Street Tree 6.fbx using Guid(7683cd98afb52fe459f7c45b266ca44a) Importer(815301076,1909f56bfc062723c751e8b465ee728b)  -> (artifact id: '07144e90e8a18d214485eb8b5b638c87') in 0.030663 seconds 
========================================================================
Received Import Request.
  Time since last request: 0.000034 seconds.
  path: Assets/Objetos y texturas del mapa/Downtown Game Studio/Nature Pack - Low Polly Trees & Bushes/Models/Potted Plant 5.fbx
  artifactKey: Guid(b58d7d85e23579e4f91d6393bef9cd19) Importer(815301076,1909f56bfc062723c751e8b465ee728b)
Start importing Assets/Objetos y texturas del mapa/Downtown Game Studio/Nature Pack - Low Polly Trees & Bushes/Models/Potted Plant 5.fbx using Guid(b58d7d85e23579e4f91d6393bef9cd19) Importer(815301076,1909f56bfc062723c751e8b465ee728b)  -> (artifact id: 'a46520df5632aee4c3b034a69eb606c1') in 0.031109 seconds 
========================================================================
Received Import Request.
  Time since last request: 0.000022 seconds.
  path: Assets/Objetos y texturas del mapa/Downtown Game Studio/Nature Pack - Low Polly Trees & Bushes/Models/tree 3.fbx
  artifactKey: Guid(f3fa10f19205cba40befc6cb4cf7648c) Importer(815301076,1909f56bfc062723c751e8b465ee728b)
Start importing Assets/Objetos y texturas del mapa/Downtown Game Studio/Nature Pack - Low Polly Trees & Bushes/Models/tree 3.fbx using Guid(f3fa10f19205cba40befc6cb4cf7648c) Importer(815301076,1909f56bfc062723c751e8b465ee728b)  -> (artifact id: '068911c506f86fbd5d4ec4a54ac80333') in 0.031337 seconds 
========================================================================
Received Import Request.
  Time since last request: 0.000027 seconds.
  path: Assets/Objetos y texturas del mapa/Downtown Game Studio/Nature Pack - Low Polly Trees & Bushes/Models/Hedge 2.fbx
  artifactKey: Guid(e3a6f52526d23ab4fb6ef91b3b4853ba) Importer(815301076,1909f56bfc062723c751e8b465ee728b)
Start importing Assets/Objetos y texturas del mapa/Downtown Game Studio/Nature Pack - Low Polly Trees & Bushes/Models/Hedge 2.fbx using Guid(e3a6f52526d23ab4fb6ef91b3b4853ba) Importer(815301076,1909f56bfc062723c751e8b465ee728b)  -> (artifact id: '521c8e7b42e8dc2355bf4aaf8677ecaa') in 0.029627 seconds 
========================================================================
Received Import Request.
  Time since last request: 0.000024 seconds.
  path: Assets/Objetos y texturas del mapa/Downtown Game Studio/Nature Pack - Low Polly Trees & Bushes/Models/Street Tree 1.fbx
  artifactKey: Guid(d3b48054d183a8b41a37b78316298e1d) Importer(815301076,1909f56bfc062723c751e8b465ee728b)
Start importing Assets/Objetos y texturas del mapa/Downtown Game Studio/Nature Pack - Low Polly Trees & Bushes/Models/Street Tree 1.fbx using Guid(d3b48054d183a8b41a37b78316298e1d) Importer(815301076,1909f56bfc062723c751e8b465ee728b)  -> (artifact id: 'f64699a821a4446654417de41267d702') in 0.031162 seconds 
========================================================================
Received Import Request.
  Time since last request: 0.000029 seconds.
  path: Assets/Objetos y texturas del mapa/Downtown Game Studio/Nature Pack - Low Polly Trees & Bushes/Models/tree 15.fbx
  artifactKey: Guid(2dbbba970fc8ed04fa6287df22c72206) Importer(815301076,1909f56bfc062723c751e8b465ee728b)
Start importing Assets/Objetos y texturas del mapa/Downtown Game Studio/Nature Pack - Low Polly Trees & Bushes/Models/tree 15.fbx using Guid(2dbbba970fc8ed04fa6287df22c72206) Importer(815301076,1909f56bfc062723c751e8b465ee728b)  -> (artifact id: '79ce309bc4ca4d789a5d1e00c0423f37') in 0.031671 seconds 
========================================================================
Received Import Request.
  Time since last request: 0.000033 seconds.
  path: Assets/Objetos y texturas del mapa/Downtown Game Studio/Nature Pack - Low Polly Trees & Bushes/Models/tree 13.fbx
  artifactKey: Guid(f83c06207830a1d438a3c585a5d5ba1e) Importer(815301076,1909f56bfc062723c751e8b465ee728b)
Start importing Assets/Objetos y texturas del mapa/Downtown Game Studio/Nature Pack - Low Polly Trees & Bushes/Models/tree 13.fbx using Guid(f83c06207830a1d438a3c585a5d5ba1e) Importer(815301076,1909f56bfc062723c751e8b465ee728b)  -> (artifact id: '7de5280508f6919211d9a9b3622b2203') in 0.031154 seconds 
========================================================================
Received Import Request.
  Time since last request: 0.000023 seconds.
  path: Assets/Objetos y texturas del mapa/Downtown Game Studio/Nature Pack - Low Polly Trees & Bushes/Models/Street Tree 4.fbx
  artifactKey: Guid(ab703e35c4b7808479708aec5fd060b6) Importer(815301076,1909f56bfc062723c751e8b465ee728b)
Start importing Assets/Objetos y texturas del mapa/Downtown Game Studio/Nature Pack - Low Polly Trees & Bushes/Models/Street Tree 4.fbx using Guid(ab703e35c4b7808479708aec5fd060b6) Importer(815301076,1909f56bfc062723c751e8b465ee728b)  -> (artifact id: 'cb52f6df947d37b4ac3771570a8ce3c3') in 0.031414 seconds 
========================================================================
Received Import Request.
  Time since last request: 0.000039 seconds.
  path: Assets/Objetos y texturas del mapa/Downtown Game Studio/Nature Pack - Low Polly Trees & Bushes/Models/Bush 2.fbx
  artifactKey: Guid(50d0bd369a0d09248bd24decd92c0453) Importer(815301076,1909f56bfc062723c751e8b465ee728b)
Start importing Assets/Objetos y texturas del mapa/Downtown Game Studio/Nature Pack - Low Polly Trees & Bushes/Models/Bush 2.fbx using Guid(50d0bd369a0d09248bd24decd92c0453) Importer(815301076,1909f56bfc062723c751e8b465ee728b)  -> (artifact id: '0d0aec0441c9a40eb2181cff9c85256d') in 0.025364 seconds 
========================================================================
Received Import Request.
  Time since last request: 0.000029 seconds.
  path: Assets/Objetos y texturas del mapa/Downtown Game Studio/Nature Pack - Low Polly Trees & Bushes/Models/Log 1.fbx
  artifactKey: Guid(55df51f98c0b08f46b8eee7d9ca67422) Importer(815301076,1909f56bfc062723c751e8b465ee728b)
Start importing Assets/Objetos y texturas del mapa/Downtown Game Studio/Nature Pack - Low Polly Trees & Bushes/Models/Log 1.fbx using Guid(55df51f98c0b08f46b8eee7d9ca67422) Importer(815301076,1909f56bfc062723c751e8b465ee728b)  -> (artifact id: '3fd32941bf12006eee9572f045902ea1') in 0.031303 seconds 
========================================================================
Received Import Request.
  Time since last request: 0.000025 seconds.
  path: Assets/Objetos y texturas del mapa/Downtown Game Studio/Nature Pack - Low Polly Trees & Bushes/Models/Hedge 1.fbx
  artifactKey: Guid(bffe474d70a5e7744b2deba0da94a235) Importer(815301076,1909f56bfc062723c751e8b465ee728b)
Start importing Assets/Objetos y texturas del mapa/Downtown Game Studio/Nature Pack - Low Polly Trees & Bushes/Models/Hedge 1.fbx using Guid(bffe474d70a5e7744b2deba0da94a235) Importer(815301076,1909f56bfc062723c751e8b465ee728b)  -> (artifact id: '9c1cef92db14a78faf06ff9c51f6ac2a') in 0.029733 seconds 
========================================================================
Received Import Request.
  Time since last request: 0.000032 seconds.
  path: Assets/Objetos y texturas del mapa/Downtown Game Studio/Nature Pack - Low Polly Trees & Bushes/Models/Potted Plant 2.fbx
  artifactKey: Guid(aab7f31e374a03d44923a155620b8f18) Importer(815301076,1909f56bfc062723c751e8b465ee728b)
Start importing Assets/Objetos y texturas del mapa/Downtown Game Studio/Nature Pack - Low Polly Trees & Bushes/Models/Potted Plant 2.fbx using Guid(aab7f31e374a03d44923a155620b8f18) Importer(815301076,1909f56bfc062723c751e8b465ee728b)  -> (artifact id: 'fdc5f0b1df8148f537263995f241434a') in 0.032345 seconds 
========================================================================
Received Import Request.
  Time since last request: 0.000033 seconds.
  path: Assets/Objetos y texturas del mapa/Downtown Game Studio/Nature Pack - Low Polly Trees & Bushes/Models/Potted Plant 3.fbx
  artifactKey: Guid(733ad951b45dfea4fb236faf6699ad40) Importer(815301076,1909f56bfc062723c751e8b465ee728b)
Start importing Assets/Objetos y texturas del mapa/Downtown Game Studio/Nature Pack - Low Polly Trees & Bushes/Models/Potted Plant 3.fbx using Guid(733ad951b45dfea4fb236faf6699ad40) Importer(815301076,1909f56bfc062723c751e8b465ee728b)  -> (artifact id: '91a0390e838b05398ab0aa096663432e') in 0.033548 seconds 
========================================================================
Received Import Request.
  Time since last request: 10.401167 seconds.
  path: Assets/Objetos y texturas del mapa/Downtown Game Studio/Nature Pack - Low Polly Trees & Bushes/Materials/Vegetation 1.mat
  artifactKey: Guid(9dd96e5c13228ca4db9cc84017f446a8) Importer(815301076,1909f56bfc062723c751e8b465ee728b)
Start importing Assets/Objetos y texturas del mapa/Downtown Game Studio/Nature Pack - Low Polly Trees & Bushes/Materials/Vegetation 1.mat using Guid(9dd96e5c13228ca4db9cc84017f446a8) Importer(815301076,1909f56bfc062723c751e8b465ee728b)  -> (artifact id: '1880e4465885c9de985a0a1ef0aa4dda') in 0.293256 seconds 
========================================================================
Received Import Request.
  Time since last request: 0.000035 seconds.
  path: Assets/Objetos y texturas del mapa/Downtown Game Studio/Nature Pack - Low Polly Trees & Bushes/Materials/Vegetation.mat
  artifactKey: Guid(0c2b8add5b7733843a6c16fb41325646) Importer(815301076,1909f56bfc062723c751e8b465ee728b)
Start importing Assets/Objetos y texturas del mapa/Downtown Game Studio/Nature Pack - Low Polly Trees & Bushes/Materials/Vegetation.mat using Guid(0c2b8add5b7733843a6c16fb41325646) Importer(815301076,1909f56bfc062723c751e8b465ee728b)  -> (artifact id: 'bc21666a798ed9f54aedf46b8ebc76ff') in 0.047312 seconds 
========================================================================
Received Import Request.
  Time since last request: 17.405986 seconds.
  path: Assets/Objetos y texturas del mapa/Downtown Game Studio/Nature Pack - Low Polly Trees & Bushes/Materials/Arbustos.mat
  artifactKey: Guid(9dd96e5c13228ca4db9cc84017f446a8) Importer(815301076,1909f56bfc062723c751e8b465ee728b)
Start importing Assets/Objetos y texturas del mapa/Downtown Game Studio/Nature Pack - Low Polly Trees & Bushes/Materials/Arbustos.mat using Guid(9dd96e5c13228ca4db9cc84017f446a8) Importer(815301076,1909f56bfc062723c751e8b465ee728b)  -> (artifact id: '3c92ff37cc3042368a32286935c9be8b') in 0.024457 seconds 
========================================================================
Received Import Request.
  Time since last request: 433.541563 seconds.
  path: Assets/Objetos y texturas del mapa/Downtown Game Studio/Nature Pack - Low Polly Trees & Bushes/Materials/Arbustos.mat
  artifactKey: Guid(9dd96e5c13228ca4db9cc84017f446a8) Importer(815301076,1909f56bfc062723c751e8b465ee728b)
Start importing Assets/Objetos y texturas del mapa/Downtown Game Studio/Nature Pack - Low Polly Trees & Bushes/Materials/Arbustos.mat using Guid(9dd96e5c13228ca4db9cc84017f446a8) Importer(815301076,1909f56bfc062723c751e8b465ee728b)  -> (artifact id: '29df4ae9fdddb019ff2a8483c576943c') in 0.169319 seconds 
========================================================================
Received Import Request.
  Time since last request: 7588.804549 seconds.
  path: Assets/Objetos y texturas del mapa/Downtown Game Studio/Nature Pack - Low Polly Trees & Bushes/Prefabs/Bush 1.prefab
  artifactKey: Guid(9c2e89039c24beb4a89d978db6c83c19) Importer(815301076,1909f56bfc062723c751e8b465ee728b)
Start importing Assets/Objetos y texturas del mapa/Downtown Game Studio/Nature Pack - Low Polly Trees & Bushes/Prefabs/Bush 1.prefab using Guid(9c2e89039c24beb4a89d978db6c83c19) Importer(815301076,1909f56bfc062723c751e8b465ee728b)  -> (artifact id: '91b497e02bfd7d6d42b593dfbb8dbc3a') in 0.044463 seconds 
========================================================================
Received Import Request.
  Time since last request: 0.000041 seconds.
  path: Assets/Objetos y texturas del mapa/Downtown Game Studio/Nature Pack - Low Polly Trees & Bushes/Prefabs/tree 5.prefab
  artifactKey: Guid(f5df276ca8db56049849b11899004d48) Importer(815301076,1909f56bfc062723c751e8b465ee728b)
Start importing Assets/Objetos y texturas del mapa/Downtown Game Studio/Nature Pack - Low Polly Trees & Bushes/Prefabs/tree 5.prefab using Guid(f5df276ca8db56049849b11899004d48) Importer(815301076,1909f56bfc062723c751e8b465ee728b)  -> (artifact id: '22c368e74a86d954a88f63f2b690bbb7') in 0.018714 seconds 
========================================================================
Received Import Request.
  Time since last request: 0.000025 seconds.
  path: Assets/Objetos y texturas del mapa/Downtown Game Studio/Nature Pack - Low Polly Trees & Bushes/Prefabs/Bush 2.prefab
  artifactKey: Guid(9c90430fdda32824ab31504372faa134) Importer(815301076,1909f56bfc062723c751e8b465ee728b)
Start importing Assets/Objetos y texturas del mapa/Downtown Game Studio/Nature Pack - Low Polly Trees & Bushes/Prefabs/Bush 2.prefab using Guid(9c90430fdda32824ab31504372faa134) Importer(815301076,1909f56bfc062723c751e8b465ee728b)  -> (artifact id: '724ce3edf373bb9e0430335711c10ab9') in 0.019027 seconds 
========================================================================
Received Import Request.
  Time since last request: 0.000029 seconds.
  path: Assets/Objetos y texturas del mapa/Downtown Game Studio/Nature Pack - Low Polly Trees & Bushes/Prefabs/tree 12.prefab
  artifactKey: Guid(60276e840f2409647a7d366606f55005) Importer(815301076,1909f56bfc062723c751e8b465ee728b)
Start importing Assets/Objetos y texturas del mapa/Downtown Game Studio/Nature Pack - Low Polly Trees & Bushes/Prefabs/tree 12.prefab using Guid(60276e840f2409647a7d366606f55005) Importer(815301076,1909f56bfc062723c751e8b465ee728b)  -> (artifact id: '05415ab663b9462652033c6bf3a988a1') in 0.019092 seconds 
========================================================================
Received Import Request.
  Time since last request: 0.000023 seconds.
  path: Assets/Objetos y texturas del mapa/Downtown Game Studio/Nature Pack - Low Polly Trees & Bushes/Prefabs/Potted Plant 1.prefab
  artifactKey: Guid(9e76e5193c4966c42a1088f204b70e9a) Importer(815301076,1909f56bfc062723c751e8b465ee728b)
Start importing Assets/Objetos y texturas del mapa/Downtown Game Studio/Nature Pack - Low Polly Trees & Bushes/Prefabs/Potted Plant 1.prefab using Guid(9e76e5193c4966c42a1088f204b70e9a) Importer(815301076,1909f56bfc062723c751e8b465ee728b)  -> (artifact id: '1e785754f746a1cb984463a605058147') in 0.018455 seconds 
========================================================================
Received Import Request.
  Time since last request: 0.000028 seconds.
  path: Assets/Objetos y texturas del mapa/Downtown Game Studio/Nature Pack - Low Polly Trees & Bushes/Prefabs/tree 6.prefab
  artifactKey: Guid(c00575bbb9efcd740b13a035ce795a13) Importer(815301076,1909f56bfc062723c751e8b465ee728b)
Start importing Assets/Objetos y texturas del mapa/Downtown Game Studio/Nature Pack - Low Polly Trees & Bushes/Prefabs/tree 6.prefab using Guid(c00575bbb9efcd740b13a035ce795a13) Importer(815301076,1909f56bfc062723c751e8b465ee728b)  -> (artifact id: 'fb4d05c1c02ea5bbc8904eee5c8ba175') in 0.019703 seconds 
========================================================================
Received Import Request.
  Time since last request: 0.000034 seconds.
  path: Assets/Objetos y texturas del mapa/Downtown Game Studio/Nature Pack - Low Polly Trees & Bushes/Prefabs/Potted Plant 6.prefab
  artifactKey: Guid(535f7485ff0b12241827da63c536c0e2) Importer(815301076,1909f56bfc062723c751e8b465ee728b)
Start importing Assets/Objetos y texturas del mapa/Downtown Game Studio/Nature Pack - Low Polly Trees & Bushes/Prefabs/Potted Plant 6.prefab using Guid(535f7485ff0b12241827da63c536c0e2) Importer(815301076,1909f56bfc062723c751e8b465ee728b)  -> (artifact id: '60ad0a69ec119cd71574ec1be24a0c47') in 0.020675 seconds 
========================================================================
Received Import Request.
  Time since last request: 0.000026 seconds.
  path: Assets/Objetos y texturas del mapa/Downtown Game Studio/Nature Pack - Low Polly Trees & Bushes/Prefabs/tree 13.prefab
  artifactKey: Guid(cb2174d77e42ed74d8794609d80e4bbf) Importer(815301076,1909f56bfc062723c751e8b465ee728b)
Start importing Assets/Objetos y texturas del mapa/Downtown Game Studio/Nature Pack - Low Polly Trees & Bushes/Prefabs/tree 13.prefab using Guid(cb2174d77e42ed74d8794609d80e4bbf) Importer(815301076,1909f56bfc062723c751e8b465ee728b)  -> (artifact id: '0fbb55364a1b6a29e2efe1417198f7de') in 0.019494 seconds 
========================================================================
Received Import Request.
  Time since last request: 0.000033 seconds.
  path: Assets/Objetos y texturas del mapa/Downtown Game Studio/Nature Pack - Low Polly Trees & Bushes/Prefabs/Street Tree 1.prefab
  artifactKey: Guid(74a548f02121cb54eb43cb42314531f1) Importer(815301076,1909f56bfc062723c751e8b465ee728b)
Start importing Assets/Objetos y texturas del mapa/Downtown Game Studio/Nature Pack - Low Polly Trees & Bushes/Prefabs/Street Tree 1.prefab using Guid(74a548f02121cb54eb43cb42314531f1) Importer(815301076,1909f56bfc062723c751e8b465ee728b)  -> (artifact id: 'add50840c47db60b673bfeb866a97e4f') in 0.019595 seconds 
========================================================================
Received Import Request.
  Time since last request: 0.000026 seconds.
  path: Assets/Objetos y texturas del mapa/Downtown Game Studio/Nature Pack - Low Polly Trees & Bushes/Prefabs/Log 2.prefab
  artifactKey: Guid(406ca595d3f7dc849b6d4fcebdc060e8) Importer(815301076,1909f56bfc062723c751e8b465ee728b)
Start importing Assets/Objetos y texturas del mapa/Downtown Game Studio/Nature Pack - Low Polly Trees & Bushes/Prefabs/Log 2.prefab using Guid(406ca595d3f7dc849b6d4fcebdc060e8) Importer(815301076,1909f56bfc062723c751e8b465ee728b)  -> (artifact id: 'c29670e9f21f3510b0821045884dd38e') in 0.019900 seconds 
========================================================================
Received Import Request.
  Time since last request: 0.000025 seconds.
  path: Assets/Objetos y texturas del mapa/Downtown Game Studio/Nature Pack - Low Polly Trees & Bushes/Prefabs/Hedge 1.prefab
  artifactKey: Guid(e1ad4dab8b77e5e4cb90b7caec4532ae) Importer(815301076,1909f56bfc062723c751e8b465ee728b)
Start importing Assets/Objetos y texturas del mapa/Downtown Game Studio/Nature Pack - Low Polly Trees & Bushes/Prefabs/Hedge 1.prefab using Guid(e1ad4dab8b77e5e4cb90b7caec4532ae) Importer(815301076,1909f56bfc062723c751e8b465ee728b)  -> (artifact id: 'dfbbc94ef2433b5cf1715a93f5906cb0') in 0.021603 seconds 
========================================================================
Received Import Request.
  Time since last request: 0.000028 seconds.
  path: Assets/Objetos y texturas del mapa/Downtown Game Studio/Nature Pack - Low Polly Trees & Bushes/Prefabs/Street Tree 3.prefab
  artifactKey: Guid(dd8c145e62469574c8988c6d5ce0db70) Importer(815301076,1909f56bfc062723c751e8b465ee728b)
Start importing Assets/Objetos y texturas del mapa/Downtown Game Studio/Nature Pack - Low Polly Trees & Bushes/Prefabs/Street Tree 3.prefab using Guid(dd8c145e62469574c8988c6d5ce0db70) Importer(815301076,1909f56bfc062723c751e8b465ee728b)  -> (artifact id: '23b73a95ca5862f9b2bf6bb868a53b20') in 0.020932 seconds 
========================================================================
Received Import Request.
  Time since last request: 0.000032 seconds.
  path: Assets/Objetos y texturas del mapa/Downtown Game Studio/Nature Pack - Low Polly Trees & Bushes/Prefabs/tree 1.prefab
  artifactKey: Guid(1e4f49afacfb1774db32a9b1f2e72e4a) Importer(815301076,1909f56bfc062723c751e8b465ee728b)
Start importing Assets/Objetos y texturas del mapa/Downtown Game Studio/Nature Pack - Low Polly Trees & Bushes/Prefabs/tree 1.prefab using Guid(1e4f49afacfb1774db32a9b1f2e72e4a) Importer(815301076,1909f56bfc062723c751e8b465ee728b)  -> (artifact id: '0b5bfcf556016f09afa1f508cb91a47a') in 0.020264 seconds 
========================================================================
Received Import Request.
  Time since last request: 0.000028 seconds.
  path: Assets/Objetos y texturas del mapa/Downtown Game Studio/Nature Pack - Low Polly Trees & Bushes/Prefabs/Street Tree 6.prefab
  artifactKey: Guid(ca6eed513414b8b48a37b6c02c2fb480) Importer(815301076,1909f56bfc062723c751e8b465ee728b)
Start importing Assets/Objetos y texturas del mapa/Downtown Game Studio/Nature Pack - Low Polly Trees & Bushes/Prefabs/Street Tree 6.prefab using Guid(ca6eed513414b8b48a37b6c02c2fb480) Importer(815301076,1909f56bfc062723c751e8b465ee728b)  -> (artifact id: '0256770fdfcb571123c9b054bb863a7b') in 0.019529 seconds 
========================================================================
Received Import Request.
  Time since last request: 0.000041 seconds.
  path: Assets/Objetos y texturas del mapa/Downtown Game Studio/Nature Pack - Low Polly Trees & Bushes/Prefabs/Log 1.prefab
  artifactKey: Guid(4d905b5f2664cf64b9a4c072f1b286f6) Importer(815301076,1909f56bfc062723c751e8b465ee728b)
Start importing Assets/Objetos y texturas del mapa/Downtown Game Studio/Nature Pack - Low Polly Trees & Bushes/Prefabs/Log 1.prefab using Guid(4d905b5f2664cf64b9a4c072f1b286f6) Importer(815301076,1909f56bfc062723c751e8b465ee728b)  -> (artifact id: 'd675044f54d6833a5384ee7e38e30870') in 0.022133 seconds 
========================================================================
Received Import Request.
  Time since last request: 0.000034 seconds.
  path: Assets/Objetos y texturas del mapa/Downtown Game Studio/Nature Pack - Low Polly Trees & Bushes/Prefabs/tree 2.prefab
  artifactKey: Guid(d9fc690e52a26ad45947b8b0dbc5f2bd) Importer(815301076,1909f56bfc062723c751e8b465ee728b)
Start importing Assets/Objetos y texturas del mapa/Downtown Game Studio/Nature Pack - Low Polly Trees & Bushes/Prefabs/tree 2.prefab using Guid(d9fc690e52a26ad45947b8b0dbc5f2bd) Importer(815301076,1909f56bfc062723c751e8b465ee728b)  -> (artifact id: '5316fb91a227e4ce60446f1332258a77') in 0.021403 seconds 
========================================================================
Received Import Request.
  Time since last request: 0.000023 seconds.
  path: Assets/Objetos y texturas del mapa/Downtown Game Studio/Nature Pack - Low Polly Trees & Bushes/Prefabs/tree 16.prefab
  artifactKey: Guid(fda1b03ba40107b42aa57c49305b41f7) Importer(815301076,1909f56bfc062723c751e8b465ee728b)
Start importing Assets/Objetos y texturas del mapa/Downtown Game Studio/Nature Pack - Low Polly Trees & Bushes/Prefabs/tree 16.prefab using Guid(fda1b03ba40107b42aa57c49305b41f7) Importer(815301076,1909f56bfc062723c751e8b465ee728b)  -> (artifact id: 'd85dfc434e1d1e817dbd6b0393ef0691') in 0.021565 seconds 
========================================================================
Received Import Request.
  Time since last request: 0.000025 seconds.
  path: Assets/Objetos y texturas del mapa/Downtown Game Studio/Nature Pack - Low Polly Trees & Bushes/Prefabs/tree 9.prefab
  artifactKey: Guid(6956dbfb44d2389469a0a8d9b83f3bc5) Importer(815301076,1909f56bfc062723c751e8b465ee728b)
Start importing Assets/Objetos y texturas del mapa/Downtown Game Studio/Nature Pack - Low Polly Trees & Bushes/Prefabs/tree 9.prefab using Guid(6956dbfb44d2389469a0a8d9b83f3bc5) Importer(815301076,1909f56bfc062723c751e8b465ee728b)  -> (artifact id: '669652db9377c1eb05c5cf448418725b') in 0.020718 seconds 
========================================================================
Received Import Request.
  Time since last request: 0.000025 seconds.
  path: Assets/Objetos y texturas del mapa/Downtown Game Studio/Nature Pack - Low Polly Trees & Bushes/Prefabs/Tree Trunk 1.prefab
  artifactKey: Guid(6003346dae61b9c4da33e7f1e6b46882) Importer(815301076,1909f56bfc062723c751e8b465ee728b)
Start importing Assets/Objetos y texturas del mapa/Downtown Game Studio/Nature Pack - Low Polly Trees & Bushes/Prefabs/Tree Trunk 1.prefab using Guid(6003346dae61b9c4da33e7f1e6b46882) Importer(815301076,1909f56bfc062723c751e8b465ee728b)  -> (artifact id: '02e52f27c40f5aaefdbe5ec7dbc5ee81') in 0.018902 seconds 
========================================================================
Received Import Request.
  Time since last request: 0.000031 seconds.
  path: Assets/Objetos y texturas del mapa/Downtown Game Studio/Nature Pack - Low Polly Trees & Bushes/Prefabs/Tree Trunk 2.prefab
  artifactKey: Guid(5e71f9539db1ae246a25939dafb13650) Importer(815301076,1909f56bfc062723c751e8b465ee728b)
Start importing Assets/Objetos y texturas del mapa/Downtown Game Studio/Nature Pack - Low Polly Trees & Bushes/Prefabs/Tree Trunk 2.prefab using Guid(5e71f9539db1ae246a25939dafb13650) Importer(815301076,1909f56bfc062723c751e8b465ee728b)  -> (artifact id: 'df3c21a42a351e61a0a38ccc09c507ea') in 0.020451 seconds 
========================================================================
Received Import Request.
  Time since last request: 0.000036 seconds.
  path: Assets/Objetos y texturas del mapa/Downtown Game Studio/Nature Pack - Low Polly Trees & Bushes/Prefabs/Potted Plant 3.prefab
  artifactKey: Guid(d6df19b610a7ca0449844e601b39a6d1) Importer(815301076,1909f56bfc062723c751e8b465ee728b)
Start importing Assets/Objetos y texturas del mapa/Downtown Game Studio/Nature Pack - Low Polly Trees & Bushes/Prefabs/Potted Plant 3.prefab using Guid(d6df19b610a7ca0449844e601b39a6d1) Importer(815301076,1909f56bfc062723c751e8b465ee728b)  -> (artifact id: 'bb2c3fd903480c1eb8da796b15554d2c') in 0.025898 seconds 
========================================================================
Received Import Request.
  Time since last request: 0.000024 seconds.
  path: Assets/Objetos y texturas del mapa/Downtown Game Studio/Nature Pack - Low Polly Trees & Bushes/Prefabs/tree 14.prefab
  artifactKey: Guid(4901a59201491854c8893f398c2d0c48) Importer(815301076,1909f56bfc062723c751e8b465ee728b)
Start importing Assets/Objetos y texturas del mapa/Downtown Game Studio/Nature Pack - Low Polly Trees & Bushes/Prefabs/tree 14.prefab using Guid(4901a59201491854c8893f398c2d0c48) Importer(815301076,1909f56bfc062723c751e8b465ee728b)  -> (artifact id: 'd148931e9f38e19885bd645035c35f3d') in 0.019509 seconds 
========================================================================
Received Import Request.
  Time since last request: 0.000024 seconds.
  path: Assets/Objetos y texturas del mapa/Downtown Game Studio/Nature Pack - Low Polly Trees & Bushes/Prefabs/Street Tree 5.prefab
  artifactKey: Guid(4df9e670bb3c36b4b81387e859e93d4a) Importer(815301076,1909f56bfc062723c751e8b465ee728b)
Start importing Assets/Objetos y texturas del mapa/Downtown Game Studio/Nature Pack - Low Polly Trees & Bushes/Prefabs/Street Tree 5.prefab using Guid(4df9e670bb3c36b4b81387e859e93d4a) Importer(815301076,1909f56bfc062723c751e8b465ee728b)  -> (artifact id: '266d5aa24030cc7746fb994d1fe035ca') in 0.018393 seconds 
========================================================================
Received Import Request.
  Time since last request: 0.000034 seconds.
  path: Assets/Objetos y texturas del mapa/Downtown Game Studio/Nature Pack - Low Polly Trees & Bushes/Prefabs/tree 8.prefab
  artifactKey: Guid(9cca81d8171e7e0459d94f8251680bfd) Importer(815301076,1909f56bfc062723c751e8b465ee728b)
Start importing Assets/Objetos y texturas del mapa/Downtown Game Studio/Nature Pack - Low Polly Trees & Bushes/Prefabs/tree 8.prefab using Guid(9cca81d8171e7e0459d94f8251680bfd) Importer(815301076,1909f56bfc062723c751e8b465ee728b)  -> (artifact id: '05518e5a64249219dabe0ac502257760') in 0.020029 seconds 
========================================================================
Received Import Request.
  Time since last request: 0.000033 seconds.
  path: Assets/Objetos y texturas del mapa/Downtown Game Studio/Nature Pack - Low Polly Trees & Bushes/Prefabs/tree 4.prefab
  artifactKey: Guid(c040ab9b6f143dc419e9278a27bcad9b) Importer(815301076,1909f56bfc062723c751e8b465ee728b)
Start importing Assets/Objetos y texturas del mapa/Downtown Game Studio/Nature Pack - Low Polly Trees & Bushes/Prefabs/tree 4.prefab using Guid(c040ab9b6f143dc419e9278a27bcad9b) Importer(815301076,1909f56bfc062723c751e8b465ee728b)  -> (artifact id: 'e4d311560f05131854ac43d8c549e42c') in 0.019186 seconds 
========================================================================
Received Import Request.
  Time since last request: 0.000023 seconds.
  path: Assets/Objetos y texturas del mapa/Downtown Game Studio/Nature Pack - Low Polly Trees & Bushes/Prefabs/Potted Plant 5.prefab
  artifactKey: Guid(35d91982422de864eafebd29f7b4e4f8) Importer(815301076,1909f56bfc062723c751e8b465ee728b)
Start importing Assets/Objetos y texturas del mapa/Downtown Game Studio/Nature Pack - Low Polly Trees & Bushes/Prefabs/Potted Plant 5.prefab using Guid(35d91982422de864eafebd29f7b4e4f8) Importer(815301076,1909f56bfc062723c751e8b465ee728b)  -> (artifact id: '0dc484ef63e9b779ad51dc0a2f7962d4') in 0.018387 seconds 
========================================================================
Received Import Request.
  Time since last request: 0.000026 seconds.
  path: Assets/Objetos y texturas del mapa/Downtown Game Studio/Nature Pack - Low Polly Trees & Bushes/Prefabs/Street Tree 2.prefab
  artifactKey: Guid(82be74164b438774fb36961fa097df49) Importer(815301076,1909f56bfc062723c751e8b465ee728b)
Start importing Assets/Objetos y texturas del mapa/Downtown Game Studio/Nature Pack - Low Polly Trees & Bushes/Prefabs/Street Tree 2.prefab using Guid(82be74164b438774fb36961fa097df49) Importer(815301076,1909f56bfc062723c751e8b465ee728b)  -> (artifact id: '9a1fdf21671451d90504066de0d9aef7') in 0.018571 seconds 
========================================================================
Received Import Request.
  Time since last request: 0.000026 seconds.
  path: Assets/Objetos y texturas del mapa/Downtown Game Studio/Nature Pack - Low Polly Trees & Bushes/Prefabs/tree 10.prefab
  artifactKey: Guid(221b274084495684db9bc9c630eb7155) Importer(815301076,1909f56bfc062723c751e8b465ee728b)
Start importing Assets/Objetos y texturas del mapa/Downtown Game Studio/Nature Pack - Low Polly Trees & Bushes/Prefabs/tree 10.prefab using Guid(221b274084495684db9bc9c630eb7155) Importer(815301076,1909f56bfc062723c751e8b465ee728b)  -> (artifact id: '509ac3e234121d23e2105071e8d34aa5') in 0.014706 seconds 
========================================================================
Received Import Request.
  Time since last request: 0.000036 seconds.
  path: Assets/Objetos y texturas del mapa/Downtown Game Studio/Nature Pack - Low Polly Trees & Bushes/Prefabs/tree 11.prefab
  artifactKey: Guid(0f436f11e5f6a4746ad0ef93dc760583) Importer(815301076,1909f56bfc062723c751e8b465ee728b)
Start importing Assets/Objetos y texturas del mapa/Downtown Game Studio/Nature Pack - Low Polly Trees & Bushes/Prefabs/tree 11.prefab using Guid(0f436f11e5f6a4746ad0ef93dc760583) Importer(815301076,1909f56bfc062723c751e8b465ee728b)  -> (artifact id: '9a1b9d6eeb517b9e1d1b5920f31a9393') in 0.016298 seconds 
========================================================================
Received Import Request.
  Time since last request: 0.000031 seconds.
  path: Assets/Objetos y texturas del mapa/Downtown Game Studio/Nature Pack - Low Polly Trees & Bushes/Prefabs/Potted Plant 4.prefab
  artifactKey: Guid(44deed2dab496bb4c853e5a63d0ef533) Importer(815301076,1909f56bfc062723c751e8b465ee728b)
Start importing Assets/Objetos y texturas del mapa/Downtown Game Studio/Nature Pack - Low Polly Trees & Bushes/Prefabs/Potted Plant 4.prefab using Guid(44deed2dab496bb4c853e5a63d0ef533) Importer(815301076,1909f56bfc062723c751e8b465ee728b)  -> (artifact id: 'eec2a3ac2de8d432a67dd498eaaaa8b0') in 0.019419 seconds 
========================================================================
Received Import Request.
  Time since last request: 0.000040 seconds.
  path: Assets/Objetos y texturas del mapa/Downtown Game Studio/Nature Pack - Low Polly Trees & Bushes/Prefabs/tree 15.prefab
  artifactKey: Guid(0f407013ac6a8bc428a76e55593acf91) Importer(815301076,1909f56bfc062723c751e8b465ee728b)
Start importing Assets/Objetos y texturas del mapa/Downtown Game Studio/Nature Pack - Low Polly Trees & Bushes/Prefabs/tree 15.prefab using Guid(0f407013ac6a8bc428a76e55593acf91) Importer(815301076,1909f56bfc062723c751e8b465ee728b)  -> (artifact id: '9b1ccc0676c3665137c1d18e4ddd1e22') in 0.019170 seconds 
========================================================================
Received Import Request.
  Time since last request: 0.000024 seconds.
  path: Assets/Objetos y texturas del mapa/Downtown Game Studio/Nature Pack - Low Polly Trees & Bushes/Prefabs/tree 3.prefab
  artifactKey: Guid(f2727472b344747408ea8dfb42ce1873) Importer(815301076,1909f56bfc062723c751e8b465ee728b)
Start importing Assets/Objetos y texturas del mapa/Downtown Game Studio/Nature Pack - Low Polly Trees & Bushes/Prefabs/tree 3.prefab using Guid(f2727472b344747408ea8dfb42ce1873) Importer(815301076,1909f56bfc062723c751e8b465ee728b)  -> (artifact id: 'a807c43ddc0663a77a0e7585acb71b19') in 0.019324 seconds 
========================================================================
Received Import Request.
  Time since last request: 0.000027 seconds.
  path: Assets/Objetos y texturas del mapa/Downtown Game Studio/Nature Pack - Low Polly Trees & Bushes/Prefabs/Potted Plant 2.prefab
  artifactKey: Guid(dcb7425e726bfd24fab770880e6c691a) Importer(815301076,1909f56bfc062723c751e8b465ee728b)
Start importing Assets/Objetos y texturas del mapa/Downtown Game Studio/Nature Pack - Low Polly Trees & Bushes/Prefabs/Potted Plant 2.prefab using Guid(dcb7425e726bfd24fab770880e6c691a) Importer(815301076,1909f56bfc062723c751e8b465ee728b)  -> (artifact id: 'c417f817c471f7d18bd071cc52442b71') in 0.018596 seconds 
========================================================================
Received Import Request.
  Time since last request: 0.000032 seconds.
  path: Assets/Objetos y texturas del mapa/Downtown Game Studio/Nature Pack - Low Polly Trees & Bushes/Prefabs/tree 7.prefab
  artifactKey: Guid(787481964fc05da4684124e8aaa924ee) Importer(815301076,1909f56bfc062723c751e8b465ee728b)
Start importing Assets/Objetos y texturas del mapa/Downtown Game Studio/Nature Pack - Low Polly Trees & Bushes/Prefabs/tree 7.prefab using Guid(787481964fc05da4684124e8aaa924ee) Importer(815301076,1909f56bfc062723c751e8b465ee728b)  -> (artifact id: '51fce095c15119be3e58a96cf106d5d7') in 0.019195 seconds 
========================================================================
Received Import Request.
  Time since last request: 0.000034 seconds.
  path: Assets/Objetos y texturas del mapa/Downtown Game Studio/Nature Pack - Low Polly Trees & Bushes/Prefabs/Hedge 2.prefab
  artifactKey: Guid(a4dcb682a9658ca478dfbacf96e80964) Importer(815301076,1909f56bfc062723c751e8b465ee728b)
Start importing Assets/Objetos y texturas del mapa/Downtown Game Studio/Nature Pack - Low Polly Trees & Bushes/Prefabs/Hedge 2.prefab using Guid(a4dcb682a9658ca478dfbacf96e80964) Importer(815301076,1909f56bfc062723c751e8b465ee728b)  -> (artifact id: 'deeb7897bbbf8118f5b36cfb725e081b') in 0.019960 seconds 
========================================================================
Received Import Request.
  Time since last request: 0.000022 seconds.
  path: Assets/Objetos y texturas del mapa/Downtown Game Studio/Nature Pack - Low Polly Trees & Bushes/Prefabs/Street Tree 4.prefab
  artifactKey: Guid(80c1305101746b543802285b180dd283) Importer(815301076,1909f56bfc062723c751e8b465ee728b)
Start importing Assets/Objetos y texturas del mapa/Downtown Game Studio/Nature Pack - Low Polly Trees & Bushes/Prefabs/Street Tree 4.prefab using Guid(80c1305101746b543802285b180dd283) Importer(815301076,1909f56bfc062723c751e8b465ee728b)  -> (artifact id: '8a52666feae5cab82e7037623517f961') in 0.018781 seconds 
